2025-03-03 06:37:30,615 - ERROR - 未找到同花顺交易客户端，请指定正确的路径
2025-03-03 06:37:30,615 - ERROR - 运行过程中出错: 未找到同花顺交易客户端
2025-03-03 06:45:58,571 - ERROR - 未找到同花顺交易客户端，请指定正确的路径
2025-03-03 06:45:58,571 - ERROR - 运行过程中出错: 未找到同花顺交易客户端
2025-03-03 06:49:15,517 - INFO - 同花顺交易客户端路径: D:\同花顺\xiadan.exe
2025-03-03 06:49:15,527 - INFO - 正在启动同花顺客户端...
2025-03-03 06:49:20,565 - INFO - 同花顺客户端已成功启动
2025-03-03 06:49:23,660 - ERROR - 导航到交易界面时出错: Failed to read trading_button.png because file is missing, has improper permissions, or is an unsupported or invalid format
2025-03-03 06:49:23,661 - INFO - 同花顺客户端已启动并导航到交易界面
2025-03-03 06:52:07,987 - INFO - 同花顺交易客户端路径: D:\同花顺\hexin.exe
2025-03-03 06:52:07,995 - INFO - 正在启动同花顺客户端...
2025-03-03 06:52:13,016 - INFO - 同花顺客户端已成功启动
2025-03-03 06:52:13,016 - INFO - 同花顺客户端已成功启动
2025-03-03 06:52:16,016 - INFO - 同花顺交易客户端路径: D:\同花顺\xiadan.exe
2025-03-03 06:52:16,024 - INFO - 找到正在运行的同花顺客户端，进程ID: 28372
2025-03-03 06:52:16,024 - INFO - 同花顺客户端已经在运行
2025-03-03 06:52:19,117 - ERROR - 导航到交易界面时出错: Failed to read trading_button.png because file is missing, has improper permissions, or is an unsupported or invalid format
2025-03-03 06:52:19,118 - INFO - 交易软件已启动并导航到交易界面
2025-03-03 06:52:19,118 - INFO - 同花顺客户端和交易软件已启动，程序将保持运行
2025-03-03 06:53:54,861 - INFO - 同花顺交易客户端路径: D:\同花顺\hexin.exe
2025-03-03 06:53:54,870 - INFO - 找到正在运行的程序 hexin.exe，进程ID: 20180
2025-03-03 06:53:54,870 - INFO - 同花顺客户端已经在运行
2025-03-03 06:53:54,870 - INFO - 同花顺客户端已成功启动
2025-03-03 06:53:59,871 - INFO - 同花顺交易客户端路径: D:\同花顺\xiadan.exe
2025-03-03 06:53:59,876 - INFO - 找到正在运行的程序 xiadan.exe，进程ID: 28372
2025-03-03 06:54:01,882 - INFO - 正在启动同花顺客户端...
2025-03-03 06:54:06,920 - INFO - 同花顺客户端已成功启动
2025-03-03 06:54:11,921 - INFO - 尝试使用快捷键导航到交易界面
2025-03-03 06:54:14,024 - INFO - 交易软件已启动并导航到交易界面
2025-03-03 06:54:14,024 - INFO - 同花顺客户端和交易软件已启动，程序将保持运行
2025-03-03 06:57:58,496 - INFO - 同花顺交易客户端路径: D:\同花顺\hexin.exe
2025-03-03 06:57:58,507 - INFO - 正在启动同花顺客户端...
2025-03-03 06:58:03,526 - INFO - 同花顺客户端已成功启动
2025-03-03 06:58:03,526 - INFO - 同花顺客户端已成功启动
2025-03-03 06:58:11,526 - INFO - 尝试通过同花顺客户端启动交易功能...
2025-03-03 06:58:11,529 - INFO - 已激活窗口: 同花顺(9.40.30) - 首页
2025-03-03 06:58:12,531 - INFO - 尝试使用F12快捷键打开交易界面
2025-03-03 06:58:15,634 - INFO - 尝试使用其他方法打开交易界面
2025-03-03 06:58:15,751 - INFO - 交易功能已通过同花顺客户端启动
2025-03-03 06:58:15,751 - INFO - 同花顺客户端已启动，程序将保持运行
2025-03-03 06:59:40,652 - INFO - 同花顺交易客户端路径: D:\同花顺\hexin.exe
2025-03-03 06:59:40,663 - INFO - 找到正在运行的程序 hexin.exe，进程ID: 28732
2025-03-03 06:59:40,663 - INFO - 同花顺客户端已经在运行
2025-03-03 06:59:40,664 - INFO - 同花顺客户端已成功启动
2025-03-03 06:59:48,664 - INFO - 尝试通过同花顺客户端启动交易功能...
2025-03-03 06:59:48,666 - INFO - 已激活窗口: 同花顺(9.40.30) - 首页
2025-03-03 06:59:49,667 - INFO - 尝试使用F12快捷键打开交易界面
2025-03-03 06:59:52,770 - INFO - 尝试使用其他方法打开交易界面
2025-03-03 06:59:52,885 - INFO - 交易功能已通过同花顺客户端启动
2025-03-03 06:59:52,885 - INFO - 同花顺客户端已启动，程序将保持运行
2025-03-03 07:01:36,417 - INFO - 同花顺交易客户端路径: D:\同花顺\hexin.exe
2025-03-03 07:01:36,427 - INFO - 找到正在运行的程序 hexin.exe，进程ID: 28732
2025-03-03 07:01:36,427 - INFO - 同花顺客户端已经在运行
2025-03-03 07:01:36,427 - INFO - 同花顺客户端已成功启动
2025-03-03 07:01:39,429 - INFO - 尝试通过同花顺客户端启动交易功能...
2025-03-03 07:01:39,431 - INFO - 已激活窗口: 同花顺(9.40.30) - 首页
2025-03-03 07:01:40,434 - INFO - 交易窗口已经打开: 网上股票交易系统5.0
2025-03-03 07:01:40,435 - INFO - 交易功能已通过同花顺客户端启动
2025-03-03 07:01:40,435 - INFO - 同花顺客户端已启动，程序将保持运行
2025-03-03 07:03:16,665 - INFO - 同花顺交易客户端路径: D:\同花顺\hexin.exe
2025-03-03 07:03:16,675 - INFO - 找到正在运行的程序 hexin.exe，进程ID: 28732
2025-03-03 07:03:16,675 - INFO - 同花顺客户端已经在运行
2025-03-03 07:03:16,675 - INFO - 同花顺客户端已成功启动
2025-03-03 07:03:19,677 - INFO - 尝试通过同花顺客户端启动交易功能...
2025-03-03 07:03:19,678 - INFO - 已激活窗口: 同花顺(9.40.30) - 首页
2025-03-03 07:03:20,680 - INFO - 找到交易窗口: 网上股票交易系统5.0
2025-03-03 07:03:20,681 - INFO - 已将交易窗口 '网上股票交易系统5.0' 置于最前面
2025-03-03 07:03:20,787 - INFO - 交易功能已通过同花顺客户端启动
2025-03-03 07:03:20,787 - INFO - 同花顺客户端已启动，程序将保持运行
2025-03-03 07:04:44,643 - INFO - 同花顺交易客户端路径: D:\同花顺\hexin.exe
2025-03-03 07:04:44,652 - INFO - 找到正在运行的程序 hexin.exe，进程ID: 28732
2025-03-03 07:04:44,653 - INFO - 同花顺客户端已经在运行
2025-03-03 07:04:44,653 - INFO - 同花顺客户端已成功启动
2025-03-03 07:04:47,655 - INFO - 尝试通过同花顺客户端启动交易功能...
2025-03-03 07:04:47,657 - INFO - 已激活窗口: 同花顺(9.40.30) - 首页
2025-03-03 07:04:48,659 - INFO - 找到交易窗口: 网上股票交易系统5.0
2025-03-03 07:04:50,162 - INFO - 已将交易窗口 '网上股票交易系统5.0' 置于最前面
2025-03-03 07:04:51,692 - INFO - 已尝试多种方法将交易窗口置于最前面
2025-03-03 07:04:51,692 - INFO - 交易功能已通过同花顺客户端启动
2025-03-03 07:04:51,692 - INFO - 同花顺客户端已启动，程序将保持运行
2025-03-03 08:14:07,483 - INFO - 从已提取的交易信号文件加载: E:\Desktop\THS-AUTOTRAD\trade_signals.json
2025-03-03 08:14:07,483 - INFO - 成功加载 4 个交易信号
2025-03-03 08:14:07,484 - INFO - 找到 4 个交易信号，准备执行
2025-03-03 08:14:07,485 - INFO - 同花顺交易软件已打开: 网上股票交易系统5.0
2025-03-03 08:14:07,486 - INFO - 已激活交易窗口: 网上股票交易系统5.0
2025-03-03 08:14:11,103 - INFO - 切换到买入模式
2025-03-03 08:14:13,749 - INFO - 清空输入框内容
2025-03-03 08:14:18,369 - INFO - 输入股票代码: 002051
2025-03-03 08:14:20,477 - ERROR - 执行交易时出错: 'TradeExecutor' object has no attribute 'check_input_success'
2025-03-03 08:14:22,481 - INFO - 同花顺交易软件已打开: 网上股票交易系统5.0
2025-03-03 08:14:22,481 - INFO - 已激活交易窗口: 网上股票交易系统5.0
2025-03-03 08:14:26,097 - INFO - 切换到卖出模式
2025-03-03 08:15:28,908 - INFO - 从已提取的交易信号文件加载: E:\Desktop\THS-AUTOTRAD\trade_signals.json
2025-03-03 08:15:28,909 - INFO - 成功加载 4 个交易信号
2025-03-03 08:15:28,909 - INFO - 找到 4 个交易信号，准备执行
2025-03-03 08:15:28,911 - INFO - 同花顺交易软件已打开: 网上股票交易系统5.0
2025-03-03 08:15:28,912 - INFO - 已激活交易窗口: 网上股票交易系统5.0
2025-03-03 08:15:32,537 - INFO - 切换到买入模式
2025-03-03 08:15:35,187 - INFO - 清空输入框内容
2025-03-03 08:15:39,812 - INFO - 输入股票代码: 002051
2025-03-03 08:15:41,922 - INFO - 尝试验证输入: 002051
2025-03-03 08:15:42,423 - INFO - 切换到价格输入框
2025-03-03 08:15:47,154 - INFO - 输入价格: 9.66
2025-03-03 08:15:49,270 - INFO - 尝试验证输入: 9.66
2025-03-03 08:15:49,771 - INFO - 切换到数量输入框
2025-03-03 08:15:54,496 - INFO - 输入数量: 10500
2025-03-03 08:15:56,605 - INFO - 尝试验证输入: 10500
2025-03-03 08:15:57,107 - INFO - 尝试点击买入按钮
2025-03-03 08:15:57,211 - INFO - 点击买入按钮位置1: (1799, 1105)
2025-03-03 08:15:58,327 - INFO - 点击买入按钮位置2: (1250, 1105)
2025-03-03 08:15:59,654 - INFO - 使用Tab键导航到买入按钮并按Enter
2025-03-03 08:20:18,127 - INFO - 从已提取的交易信号文件加载: E:\Desktop\THS-AUTOTRAD\trade_signals.json
2025-03-03 08:20:18,128 - INFO - 成功加载 4 个交易信号
2025-03-03 08:20:18,128 - INFO - 找到 4 个交易信号，准备执行
2025-03-03 08:20:18,128 - INFO - 同花顺交易客户端路径: D:\同花顺\xiadan.exe
2025-03-03 08:20:18,135 - INFO - 正在启动同花顺客户端...
2025-03-03 08:20:23,173 - INFO - 同花顺客户端已成功启动
2025-03-03 08:20:28,173 - INFO - 尝试使用快捷键导航到交易界面
2025-03-03 08:20:30,286 - WARNING - 未找到交易窗口，尝试使用Alt+Tab切换
2025-03-03 08:20:31,590 - INFO - 切换到买入模式
2025-03-03 08:20:33,803 - INFO - 输入价格: 9.66
2025-03-03 08:20:36,514 - INFO - 输入数量: 10500
2025-03-03 08:20:51,921 - INFO - 从已提取的交易信号文件加载: E:\Desktop\THS-AUTOTRAD\trade_signals.json
2025-03-03 08:20:51,921 - INFO - 成功加载 4 个交易信号
2025-03-03 08:20:51,922 - INFO - 找到 4 个交易信号，准备执行
2025-03-03 08:20:51,922 - INFO - 同花顺交易客户端路径: D:\同花顺\xiadan.exe
2025-03-03 08:20:51,929 - INFO - 正在启动同花顺客户端...
2025-03-03 08:20:56,967 - INFO - 同花顺客户端已成功启动
2025-03-03 08:26:27,338 - INFO - 从已提取的交易信号文件加载: E:\Desktop\THS-AUTOTRAD\trade_signals.json
2025-03-03 08:26:27,339 - INFO - 成功加载 4 个交易信号
2025-03-03 08:26:27,339 - INFO - 找到 4 个交易信号，准备执行
2025-03-03 08:26:27,340 - INFO - 未找到交易窗口，尝试打开同花顺交易软件
2025-03-03 08:26:27,340 - INFO - 同花顺交易客户端路径: D:\同花顺\hexin.exe
2025-03-03 08:26:27,347 - INFO - 正在启动同花顺客户端...
2025-03-03 08:26:32,366 - INFO - 同花顺客户端已成功启动
2025-03-03 08:26:32,366 - INFO - 同花顺客户端已成功启动
2025-03-03 08:26:35,367 - INFO - 尝试通过同花顺客户端启动交易功能...
2025-03-03 08:26:35,373 - INFO - 已激活窗口: 同花顺(9.40.30) - 首页
2025-03-03 08:26:36,376 - INFO - 尝试使用F12快捷键打开交易界面
2025-03-03 08:26:39,482 - INFO - 交易窗口已打开: 网上股票交易系统5.0
2025-03-03 08:26:40,984 - INFO - 已将交易窗口 '网上股票交易系统5.0' 置于最前面
2025-03-03 08:26:42,521 - INFO - 已尝试多种方法将交易窗口置于最前面
2025-03-03 08:26:42,521 - INFO - 交易功能已通过同花顺客户端启动
2025-03-03 08:26:42,521 - INFO - 同花顺客户端已启动，程序将保持运行
2025-03-03 08:26:47,527 - INFO - 成功打开同花顺交易软件: 网上股票交易系统5.0
2025-03-03 08:26:47,528 - INFO - 已激活交易窗口: 网上股票交易系统5.0
2025-03-03 08:26:49,137 - INFO - 切换到买入模式
2025-03-03 08:26:51,259 - ERROR - 执行交易时出错: PyAutoGUI fail-safe triggered from mouse moving to a corner of the screen. To disable this fail-safe, set pyautogui.FAILSAFE to False. DISABLING FAIL-SAFE IS NOT RECOMMENDED.
2025-03-03 08:31:15,001 - INFO - 从已提取的交易信号文件加载: E:\Desktop\THS-AUTOTRAD\trade_signals.json
2025-03-03 08:31:15,002 - INFO - 成功加载 4 个交易信号
2025-03-03 08:31:15,002 - INFO - 找到 4 个交易信号，准备执行
2025-03-03 08:31:15,003 - INFO - 同花顺交易软件已打开: 网上股票交易系统5.0
2025-03-03 08:31:15,004 - INFO - 已激活交易窗口: 网上股票交易系统5.0
2025-03-03 08:31:16,622 - INFO - 切换到买入模式
2025-03-03 08:31:19,641 - INFO - 输入价格: 9.66
2025-03-03 08:31:22,358 - INFO - 输入数量: 10500
2025-03-03 08:31:24,373 - INFO - 尝试点击买入按钮
2025-03-03 08:31:24,489 - INFO - 点击买入按钮位置1: (2103, 1409)
2025-03-03 08:31:25,606 - INFO - 点击买入按钮位置2: (1554, 1409)
2025-03-03 08:31:26,918 - INFO - 使用Tab键导航到买入按钮并按Enter
2025-03-03 08:31:29,020 - INFO - 尝试点击买入按钮
2025-03-03 08:31:29,139 - INFO - 点击买入按钮位置1: (2103, 1409)
2025-03-03 08:31:30,256 - INFO - 点击买入按钮位置2: (1554, 1409)
2025-03-03 08:31:31,565 - INFO - 使用Tab键导航到买入按钮并按Enter
2025-03-03 08:31:31,565 - INFO - 执行交易: 买入 002051 价格:9.66 数量:10500
2025-03-03 08:31:49,156 - INFO - 从已提取的交易信号文件加载: E:\Desktop\THS-AUTOTRAD\trade_signals.json
2025-03-03 08:31:49,157 - INFO - 成功加载 4 个交易信号
2025-03-03 08:31:49,157 - INFO - 找到 4 个交易信号，准备执行
2025-03-03 08:31:49,158 - INFO - 未找到交易窗口，尝试打开同花顺交易软件
2025-03-03 08:31:49,158 - INFO - 同花顺交易客户端路径: D:\同花顺\hexin.exe
2025-03-03 08:31:49,165 - INFO - 正在启动同花顺客户端...
2025-03-03 08:31:54,185 - INFO - 同花顺客户端已成功启动
2025-03-03 08:31:54,185 - INFO - 同花顺客户端已成功启动
2025-03-03 08:31:57,187 - INFO - 尝试通过同花顺客户端启动交易功能...
2025-03-03 08:31:57,189 - INFO - 已激活窗口: 同花顺(9.40.30) - 首页
2025-03-03 08:31:58,191 - INFO - 尝试使用F12快捷键打开交易界面
2025-03-03 08:32:03,297 - INFO - 交易窗口已打开: 网上股票交易系统5.0
2025-03-03 08:32:04,799 - INFO - 已将交易窗口 '网上股票交易系统5.0' 置于最前面
2025-03-03 08:32:06,328 - INFO - 已尝试多种方法将交易窗口置于最前面
2025-03-03 08:32:06,328 - INFO - 交易功能已通过同花顺客户端启动
2025-03-03 08:32:06,328 - INFO - 同花顺客户端已启动，程序将保持运行
2025-03-03 08:32:11,330 - INFO - 成功打开同花顺交易软件: 网上股票交易系统5.0
2025-03-03 08:32:11,332 - INFO - 已激活交易窗口: 网上股票交易系统5.0
2025-03-03 08:32:12,940 - INFO - 切换到买入模式
2025-03-03 08:32:15,152 - INFO - 输入价格: 9.66
2025-03-03 08:33:53,181 - INFO - 从已提取的交易信号文件加载: E:\Desktop\THS-AUTOTRAD\trade_signals.json
2025-03-03 08:33:53,182 - INFO - 成功加载 4 个交易信号
2025-03-03 08:33:53,182 - INFO - 找到 4 个交易信号，准备执行
2025-03-03 08:33:53,183 - INFO - 未找到交易窗口，尝试打开同花顺交易软件
2025-03-03 08:33:53,183 - INFO - 同花顺交易客户端路径: D:\同花顺\hexin.exe
2025-03-03 08:33:53,191 - INFO - 正在启动同花顺客户端...
2025-03-03 08:33:58,211 - INFO - 同花顺客户端已成功启动
2025-03-03 08:33:58,211 - INFO - 同花顺客户端已成功启动
2025-03-03 08:34:01,211 - INFO - 尝试通过同花顺客户端启动交易功能...
2025-03-03 08:34:01,212 - INFO - 已激活窗口: 同花顺(9.40.30) - 首页
2025-03-03 08:34:02,217 - INFO - 尝试使用F12快捷键打开交易界面
2025-03-03 08:34:05,321 - INFO - 交易窗口已打开: 网上股票交易系统5.0
2025-03-03 08:34:14,324 - INFO - 已将交易窗口 '网上股票交易系统5.0' 置于最前面
2025-03-03 08:34:16,860 - INFO - 已尝试多种方法将交易窗口置于最前面
2025-03-03 08:34:16,860 - INFO - 交易功能已通过同花顺客户端启动
2025-03-03 08:34:16,860 - INFO - 同花顺客户端已启动，程序将保持运行
2025-03-03 08:34:21,863 - INFO - 成功打开同花顺交易软件: 网上股票交易系统5.0
2025-03-03 08:34:21,864 - INFO - 已激活交易窗口: 网上股票交易系统5.0
2025-03-03 08:34:23,476 - INFO - 切换到买入模式
2025-03-03 08:34:25,686 - INFO - 输入价格: 9.66
2025-03-03 08:37:15,944 - INFO - 从已提取的交易信号文件加载: E:\Desktop\THS-AUTOTRAD\trade_signals.json
2025-03-03 08:37:15,945 - INFO - 成功加载 4 个交易信号
2025-03-03 08:37:15,945 - INFO - 找到 4 个交易信号，准备执行
2025-03-03 08:37:15,946 - INFO - 未找到交易窗口，尝试打开同花顺交易软件
2025-03-03 08:37:15,946 - INFO - 同花顺交易客户端路径: D:\同花顺\hexin.exe
2025-03-03 08:37:15,953 - INFO - 正在启动同花顺客户端...
2025-03-03 08:37:23,958 - INFO - 同花顺客户端已成功启动
2025-03-03 08:37:23,958 - INFO - 同花顺客户端已成功启动
2025-03-03 08:37:28,961 - INFO - 已激活同花顺主窗口: 同花顺(9.40.30) - 首页
2025-03-03 08:37:30,962 - INFO - 交易窗口未打开，尝试使用F12快捷键打开
2025-03-03 08:37:37,065 - INFO - 交易窗口已打开: 网上股票交易系统5.0
2025-03-03 08:37:38,178 - INFO - 已将交易窗口 '网上股票交易系统5.0' 置于最前面
2025-03-03 08:37:43,180 - INFO - 成功打开同花顺交易软件: 网上股票交易系统5.0
2025-03-03 08:37:43,181 - INFO - 已激活交易窗口: 网上股票交易系统5.0
2025-03-03 08:37:44,795 - INFO - 切换到买入模式
2025-03-03 08:37:47,043 - INFO - 输入价格: 9.66
2025-03-03 08:37:49,760 - INFO - 输入数量: 10500
2025-03-03 08:37:51,772 - INFO - 尝试点击买入按钮
2025-03-03 08:37:51,877 - INFO - 点击买入按钮位置1: (2103, 1409)
2025-03-03 08:37:52,994 - INFO - 点击买入按钮位置2: (1554, 1409)
2025-03-03 08:37:54,302 - INFO - 使用Tab键导航到买入按钮并按Enter
2025-03-03 08:39:28,838 - INFO - 从已提取的交易信号文件加载: E:\Desktop\THS-AUTOTRAD\trade_signals.json
2025-03-03 08:39:28,839 - INFO - 成功加载 4 个交易信号
2025-03-03 08:39:28,839 - INFO - 找到 4 个交易信号，准备执行
2025-03-03 08:39:28,840 - INFO - 未找到交易窗口，尝试打开同花顺交易软件
2025-03-03 08:39:28,840 - INFO - 同花顺交易客户端路径: D:\同花顺\hexin.exe
2025-03-03 08:39:28,850 - INFO - 正在启动同花顺客户端...
2025-03-03 08:39:36,856 - INFO - 同花顺客户端已成功启动
2025-03-03 08:39:36,856 - INFO - 同花顺客户端已成功启动
2025-03-03 08:39:41,859 - INFO - 已激活同花顺主窗口: 同花顺(9.40.30) - 首页
2025-03-03 08:39:43,863 - INFO - 交易窗口未打开，尝试使用F12快捷键打开
2025-03-03 08:39:49,966 - INFO - 交易窗口已打开: 网上股票交易系统5.0
2025-03-03 08:39:51,078 - INFO - 已将交易窗口 '网上股票交易系统5.0' 置于最前面
2025-03-03 08:39:56,079 - INFO - 成功打开同花顺交易软件: 网上股票交易系统5.0
2025-03-03 08:39:56,080 - INFO - 已激活交易窗口: 网上股票交易系统5.0
2025-03-03 08:39:57,696 - INFO - 切换到买入模式
2025-03-03 08:39:59,938 - INFO - 输入价格: 9.66
2025-03-03 08:40:02,946 - INFO - 输入数量: 10500
2025-03-03 08:40:03,857 - INFO - 再次输入数量: 10500
2025-03-03 08:40:04,860 - INFO - 尝试点击买入按钮
2025-03-03 08:40:04,979 - INFO - 点击买入按钮位置1: (2103, 1409)
2025-03-03 08:40:06,096 - INFO - 点击买入按钮位置2: (1554, 1409)
2025-03-03 08:40:07,420 - INFO - 使用Tab键导航到买入按钮并按Enter
2025-03-03 08:40:09,534 - INFO - 尝试点击买入按钮
2025-03-03 08:40:09,645 - INFO - 点击买入按钮位置1: (2103, 1409)
2025-03-03 08:40:10,763 - INFO - 点击买入按钮位置2: (1554, 1409)
2025-03-03 08:40:12,086 - INFO - 使用Tab键导航到买入按钮并按Enter
2025-03-03 08:40:12,086 - INFO - 执行交易: 买入 002051 价格:9.66 数量:10500
2025-03-03 08:40:16,202 - INFO - 同花顺交易软件已打开: 网上股票交易系统5.0
2025-03-03 08:40:16,205 - INFO - 已激活交易窗口: 网上股票交易系统5.0
2025-03-03 08:40:17,813 - INFO - 切换到卖出模式
2025-03-03 08:40:21,451 - INFO - 尝试点击卖出按钮
2025-03-03 08:40:21,561 - INFO - 点击卖出按钮位置1: (2322, 1409)
2025-03-03 08:40:22,679 - INFO - 点击卖出按钮位置2: (1773, 1409)
2025-03-03 08:40:23,994 - INFO - 使用Tab键导航到卖出按钮并按Enter
2025-03-03 08:40:26,105 - INFO - 尝试点击卖出按钮
2025-03-03 08:40:26,213 - INFO - 点击卖出按钮位置1: (2322, 1409)
2025-03-03 08:40:27,329 - INFO - 点击卖出按钮位置2: (1773, 1409)
2025-03-03 08:40:28,637 - INFO - 使用Tab键导航到卖出按钮并按Enter
2025-03-03 08:40:28,637 - INFO - 执行交易: 卖出 002051 价格:8.89 数量:10500
2025-03-03 08:40:32,742 - INFO - 同花顺交易软件已打开: 网上股票交易系统5.0
2025-03-03 08:40:32,742 - INFO - 已激活交易窗口: 网上股票交易系统5.0
2025-03-03 08:40:34,364 - INFO - 切换到买入模式
2025-03-03 08:40:36,578 - INFO - 输入价格: 6.11
2025-03-03 08:43:43,824 - INFO - 从已提取的交易信号文件加载: E:\Desktop\THS-AUTOTRAD\trade_signals.json
2025-03-03 08:43:43,825 - INFO - 成功加载 4 个交易信号
2025-03-03 08:43:43,825 - INFO - 找到 4 个交易信号，准备执行
2025-03-03 08:43:43,826 - INFO - 未找到交易窗口，尝试打开同花顺交易软件
2025-03-03 08:43:43,826 - INFO - 同花顺交易客户端路径: D:\同花顺\hexin.exe
2025-03-03 08:43:43,833 - INFO - 正在启动同花顺客户端...
2025-03-03 08:43:51,839 - INFO - 同花顺客户端已成功启动
2025-03-03 08:43:51,839 - INFO - 同花顺客户端已成功启动
2025-03-03 08:43:56,841 - INFO - 已激活同花顺主窗口: 同花顺(9.40.30) - 首页
2025-03-03 08:43:58,842 - INFO - 交易窗口未打开，尝试使用F12快捷键打开
2025-03-03 08:44:04,944 - INFO - 交易窗口已打开: 网上股票交易系统5.0
2025-03-03 08:44:06,065 - INFO - 已将交易窗口 '网上股票交易系统5.0' 置于最前面
2025-03-03 08:44:11,069 - INFO - 成功打开同花顺交易软件: 网上股票交易系统5.0
2025-03-03 08:44:11,070 - INFO - 已激活交易窗口: 网上股票交易系统5.0
2025-03-03 08:44:12,683 - INFO - 切换到买入模式
2025-03-03 08:44:16,736 - INFO - 输入价格: 9.66
2025-03-03 08:44:19,153 - INFO - 输入数量: 10500
2025-03-03 08:44:20,257 - ERROR - 数量输入出错: 'str' object cannot be interpreted as an integer
2025-03-03 08:44:22,257 - INFO - 同花顺交易软件已打开: 网上股票交易系统5.0
2025-03-03 08:44:22,259 - INFO - 已激活交易窗口: 网上股票交易系统5.0
2025-03-03 08:44:23,866 - INFO - 切换到卖出模式
2025-03-03 08:44:26,016 - INFO - 尝试点击卖出按钮
2025-03-03 08:44:26,130 - INFO - 点击卖出按钮位置1: (2322, 1409)
2025-03-03 08:44:27,249 - INFO - 点击卖出按钮位置2: (1773, 1409)
2025-03-03 08:44:28,567 - INFO - 使用Tab键导航到卖出按钮并按Enter
2025-03-03 08:44:30,668 - INFO - 尝试点击卖出按钮
2025-03-03 08:44:30,781 - INFO - 点击卖出按钮位置1: (2322, 1409)
2025-03-03 08:44:31,898 - INFO - 点击卖出按钮位置2: (1773, 1409)
2025-03-03 08:44:33,208 - INFO - 使用Tab键导航到卖出按钮并按Enter
2025-03-03 08:44:33,208 - ERROR - 执行交易时出错: cannot access local variable 'stock_code' where it is not associated with a value
2025-03-03 08:44:35,209 - INFO - 同花顺交易软件已打开: 网上股票交易系统5.0
2025-03-03 08:44:35,210 - INFO - 已激活交易窗口: 网上股票交易系统5.0
2025-03-03 08:44:36,816 - INFO - 切换到买入模式
2025-03-03 08:44:40,739 - INFO - 输入价格: 6.11
2025-03-03 08:44:43,149 - INFO - 输入数量: 7800
2025-03-03 09:43:08,168 - INFO - 从已提取的交易信号文件加载: E:\Desktop\THS-AUTOTRAD\trade_signals.json
2025-03-03 09:43:08,169 - INFO - 成功加载 4 个交易信号
2025-03-03 09:43:08,169 - INFO - 找到 4 个交易信号，准备执行
2025-03-03 09:43:08,170 - INFO - 未找到交易窗口，尝试打开同花顺交易软件
2025-03-03 09:43:08,170 - INFO - 同花顺交易客户端路径: D:\同花顺\hexin.exe
2025-03-03 09:43:08,178 - INFO - 正在启动同花顺客户端...
2025-03-03 09:43:16,185 - INFO - 同花顺客户端已成功启动
2025-03-03 09:43:16,185 - INFO - 同花顺客户端已成功启动
2025-03-03 09:43:21,187 - INFO - 已激活同花顺主窗口: 同花顺(9.40.30) - 首页
2025-03-03 09:43:23,188 - INFO - 交易窗口未打开，尝试使用F12快捷键打开
2025-03-03 09:43:29,293 - INFO - 交易窗口已打开: 网上股票交易系统5.0
2025-03-03 09:43:30,410 - INFO - 已将交易窗口 '网上股票交易系统5.0' 置于最前面
2025-03-03 09:43:35,412 - INFO - 成功打开同花顺交易软件: 网上股票交易系统5.0
2025-03-03 09:43:35,413 - INFO - 已激活交易窗口: 网上股票交易系统5.0
2025-03-03 09:43:37,146 - INFO - 使用F1键切换到买入界面
2025-03-03 09:43:40,997 - INFO - 输入股票代码: 002051
2025-03-03 09:43:43,436 - INFO - 输入价格: 9.66
2025-03-03 09:43:45,873 - INFO - 输入数量: 10500
2025-03-03 09:43:48,327 - INFO - 点击买入按钮: (2076, 1607)
2025-03-03 09:43:51,437 - INFO - 执行交易: 买入 002051 价格:9.66 数量:10500
2025-03-03 09:43:53,437 - INFO - 同花顺交易软件已打开: 网上股票交易系统5.0
2025-03-03 09:43:53,439 - INFO - 已激活交易窗口: 网上股票交易系统5.0
2025-03-03 09:43:55,169 - INFO - 使用F2键切换到卖出界面
2025-03-03 09:43:58,414 - INFO - 输入股票代码: 002051
2025-03-03 09:44:00,877 - INFO - 输入数量: 10500
2025-03-03 09:44:01,995 - INFO - 点击卖出按钮: (2076, 1607)
2025-03-03 09:44:05,103 - INFO - 执行交易: 卖出 002051 价格:8.89 数量:10500
2025-03-03 09:44:07,105 - INFO - 同花顺交易软件已打开: 网上股票交易系统5.0
2025-03-03 09:44:07,107 - INFO - 已激活交易窗口: 网上股票交易系统5.0
2025-03-03 09:44:08,857 - INFO - 使用F1键切换到买入界面
2025-03-03 09:44:11,947 - INFO - 输入股票代码: 002042
