2025-03-03 23:35:33,634 - INFO - 从已提取的交易信号文件加载: E:\Desktop\THS-AUTOTRAD\trade_signals.json
2025-03-03 23:35:33,635 - INFO - 成功加载 4 个交易信号
2025-03-03 23:35:33,635 - INFO - 找到 4 个交易信号，准备执行
2025-03-03 23:35:33,636 - ERROR - 未找到交易窗口，请先手动打开交易软件
2025-03-03 23:35:33,636 - ERROR - 无法打开同花顺交易软件
2025-03-03 23:35:35,638 - ERROR - 未找到交易窗口，请先手动打开交易软件
2025-03-03 23:35:35,639 - ERROR - 无法打开同花顺交易软件
2025-03-03 23:35:37,645 - ERROR - 未找到交易窗口，请先手动打开交易软件
2025-03-03 23:35:37,646 - ERROR - 无法打开同花顺交易软件
2025-03-03 23:35:39,650 - ERROR - 未找到交易窗口，请先手动打开交易软件
2025-03-03 23:35:39,651 - ERROR - 无法打开同花顺交易软件
2025-03-03 23:35:41,652 - INFO - 交易执行完成，成功: 0/4
2025-03-03 23:35:58,464 - INFO - 从已提取的交易信号文件加载: E:\Desktop\THS-AUTOTRAD\trade_signals.json
2025-03-03 23:35:58,465 - INFO - 成功加载 4 个交易信号
2025-03-03 23:35:58,465 - INFO - 找到 4 个交易信号，准备执行
2025-03-03 23:35:58,467 - ERROR - 未找到交易窗口，请先手动打开交易软件
2025-03-03 23:35:58,467 - ERROR - 无法打开同花顺交易软件
2025-03-03 23:36:00,469 - ERROR - 未找到交易窗口，请先手动打开交易软件
2025-03-03 23:36:00,470 - ERROR - 无法打开同花顺交易软件
2025-03-03 23:36:02,473 - ERROR - 未找到交易窗口，请先手动打开交易软件
2025-03-03 23:36:02,474 - ERROR - 无法打开同花顺交易软件
2025-03-03 23:36:04,475 - ERROR - 未找到交易窗口，请先手动打开交易软件
2025-03-03 23:36:04,476 - ERROR - 无法打开同花顺交易软件
2025-03-03 23:47:38,419 - INFO - 从已提取的交易信号文件加载: E:\Desktop\THS-AUTOTRAD\trade_signals.json
2025-03-03 23:47:38,419 - INFO - 成功加载 4 个交易信号
2025-03-03 23:47:38,420 - INFO - 找到 4 个交易信号，准备执行
2025-03-03 23:47:38,421 - INFO - 未找到交易窗口，尝试启动交易软件
2025-03-03 23:47:38,428 - INFO - 正在启动交易软件...
2025-03-03 23:47:46,435 - ERROR - 交易软件启动失败
2025-03-03 23:47:46,435 - ERROR - 无法打开交易软件
2025-03-03 23:53:26,130 - INFO - 从已提取的交易信号文件加载: E:\Desktop\THS-AUTOTRAD\trade_signals.json
2025-03-03 23:53:26,130 - INFO - 成功加载 4 个交易信号
2025-03-03 23:53:26,130 - INFO - 找到 4 个交易信号，准备执行
2025-03-03 23:53:26,131 - INFO - 未找到交易窗口，尝试启动交易软件
2025-03-03 23:53:26,141 - INFO - 正在启动交易软件...
2025-03-03 23:53:34,146 - ERROR - 交易软件启动失败
2025-03-03 23:53:34,147 - ERROR - 无法打开交易软件
2025-03-03 23:59:39,589 - INFO - 从已提取的交易信号文件加载: E:\Desktop\THS-AUTOTRAD\trade_signals.json
2025-03-03 23:59:39,589 - INFO - 成功加载 4 个交易信号
2025-03-03 23:59:39,590 - INFO - 找到 4 个交易信号，准备执行
2025-03-03 23:59:39,591 - INFO - 未找到交易窗口，尝试启动交易软件
2025-03-03 23:59:39,600 - INFO - 正在启动交易软件...
2025-03-03 23:59:47,605 - ERROR - 交易软件启动失败
2025-03-03 23:59:47,606 - ERROR - 无法打开交易软件
2025-03-04 01:13:44,290 - INFO - 从已提取的交易信号文件加载: E:\Desktop\THS-AUTOTRAD\trade_signals.json
2025-03-04 01:13:44,290 - INFO - 成功加载 4 个交易信号
2025-03-04 01:13:44,290 - INFO - 找到 4 个交易信号，准备执行
2025-03-04 01:13:44,291 - ERROR - 执行交易时出错: 'TradeExecutor' object has no attribute 'ensure_trading_software_open'
2025-03-04 01:13:46,291 - ERROR - 执行交易时出错: 'TradeExecutor' object has no attribute 'ensure_trading_software_open'
2025-03-04 01:13:48,292 - ERROR - 执行交易时出错: 'TradeExecutor' object has no attribute 'ensure_trading_software_open'
2025-03-04 01:13:50,294 - ERROR - 执行交易时出错: 'TradeExecutor' object has no attribute 'ensure_trading_software_open'
2025-03-04 01:13:52,296 - INFO - 交易执行完成，成功: 0/4
