2025-03-04 18:00:09,161 - INFO - 开始运行数据获取程序...
2025-03-04 18:00:09,163 - INFO - 当前不是交易时间
2025-03-05 00:49:05,698 - INFO - 开始运行数据获取程序...
2025-03-05 00:49:05,698 - INFO - 当前不是交易时间
2025-03-05 01:04:05,459 - INFO - 开始运行数据获取程序...
2025-03-05 01:04:05,459 - INFO - 当前不是交易时间
2025-03-05 01:06:59,543 - INFO - 开始运行数据获取程序...
2025-03-05 01:06:59,544 - INFO - 当前不是交易时间
2025-03-05 01:11:59,733 - INFO - 当前不是交易时间
2025-03-05 01:16:59,916 - INFO - 当前不是交易时间
2025-03-05 01:22:00,120 - INFO - 当前不是交易时间
2025-03-05 01:27:00,323 - INFO - 当前不是交易时间
2025-03-05 01:32:00,517 - INFO - 当前不是交易时间
2025-03-05 01:37:00,710 - INFO - 当前不是交易时间
2025-03-05 01:42:00,906 - INFO - 当前不是交易时间
2025-03-05 01:47:01,101 - INFO - 当前不是交易时间
2025-03-05 01:52:01,298 - INFO - 当前不是交易时间
2025-03-05 01:57:01,497 - INFO - 当前不是交易时间
2025-03-05 02:02:01,703 - INFO - 当前不是交易时间
2025-03-05 02:07:01,896 - INFO - 当前不是交易时间
2025-03-05 02:12:02,095 - INFO - 当前不是交易时间
2025-03-05 02:17:02,296 - INFO - 当前不是交易时间
2025-03-05 02:22:02,495 - INFO - 当前不是交易时间
2025-03-05 02:27:02,697 - INFO - 当前不是交易时间
2025-03-05 02:32:02,897 - INFO - 当前不是交易时间
2025-03-05 02:37:03,089 - INFO - 当前不是交易时间
2025-03-05 02:42:03,282 - INFO - 当前不是交易时间
2025-03-05 02:47:03,485 - INFO - 当前不是交易时间
2025-03-05 02:52:03,680 - INFO - 当前不是交易时间
2025-03-05 02:57:03,884 - INFO - 当前不是交易时间
2025-03-05 03:02:04,074 - INFO - 当前不是交易时间
2025-03-05 03:07:04,257 - INFO - 当前不是交易时间
2025-03-05 03:12:04,446 - INFO - 当前不是交易时间
2025-03-05 03:17:04,641 - INFO - 当前不是交易时间
2025-03-05 03:22:04,842 - INFO - 当前不是交易时间
2025-03-05 03:27:05,050 - INFO - 当前不是交易时间
2025-03-05 03:32:05,250 - INFO - 当前不是交易时间
2025-03-05 03:37:05,437 - INFO - 当前不是交易时间
2025-03-05 03:42:05,616 - INFO - 当前不是交易时间
2025-03-05 03:47:05,823 - INFO - 当前不是交易时间
2025-03-05 03:52:06,019 - INFO - 当前不是交易时间
2025-03-05 03:57:06,225 - INFO - 当前不是交易时间
2025-03-05 04:02:06,432 - INFO - 当前不是交易时间
2025-03-05 04:07:06,634 - INFO - 当前不是交易时间
2025-03-05 04:12:06,837 - INFO - 当前不是交易时间
2025-03-05 04:17:07,047 - INFO - 当前不是交易时间
2025-03-05 04:22:07,237 - INFO - 当前不是交易时间
2025-03-05 04:27:07,444 - INFO - 当前不是交易时间
2025-03-05 04:32:07,652 - INFO - 当前不是交易时间
2025-03-05 04:37:07,845 - INFO - 当前不是交易时间
2025-03-05 04:42:08,034 - INFO - 当前不是交易时间
2025-03-05 04:47:08,231 - INFO - 当前不是交易时间
2025-03-05 04:52:08,423 - INFO - 当前不是交易时间
2025-03-05 04:57:08,622 - INFO - 当前不是交易时间
2025-03-05 05:02:08,824 - INFO - 当前不是交易时间
2025-03-05 05:07:09,022 - INFO - 当前不是交易时间
2025-03-05 05:12:09,216 - INFO - 当前不是交易时间
2025-03-05 05:17:09,407 - INFO - 当前不是交易时间
2025-03-05 05:22:09,621 - INFO - 当前不是交易时间
2025-03-05 05:27:09,825 - INFO - 当前不是交易时间
2025-03-05 05:32:10,023 - INFO - 当前不是交易时间
2025-03-05 05:37:10,217 - INFO - 当前不是交易时间
2025-03-05 05:42:10,407 - INFO - 当前不是交易时间
2025-03-05 05:47:10,586 - INFO - 当前不是交易时间
2025-03-05 05:52:10,770 - INFO - 当前不是交易时间
2025-03-05 05:57:10,958 - INFO - 当前不是交易时间
2025-03-05 06:02:11,148 - INFO - 当前不是交易时间
2025-03-05 06:07:11,344 - INFO - 当前不是交易时间
2025-03-05 06:12:11,543 - INFO - 当前不是交易时间
2025-03-05 06:17:11,741 - INFO - 当前不是交易时间
2025-03-05 06:22:11,936 - INFO - 当前不是交易时间
2025-03-05 06:27:12,131 - INFO - 当前不是交易时间
2025-03-05 06:32:12,322 - INFO - 当前不是交易时间
2025-03-05 06:37:12,516 - INFO - 当前不是交易时间
2025-03-05 06:42:12,721 - INFO - 当前不是交易时间
2025-03-05 06:47:12,916 - INFO - 当前不是交易时间
2025-03-05 06:52:13,116 - INFO - 当前不是交易时间
2025-03-05 06:57:13,314 - INFO - 当前不是交易时间
2025-03-05 07:02:13,522 - INFO - 当前不是交易时间
2025-03-05 07:07:13,714 - INFO - 当前不是交易时间
2025-03-05 07:12:13,911 - INFO - 当前不是交易时间
2025-03-05 07:17:14,104 - INFO - 当前不是交易时间
2025-03-05 07:22:14,309 - INFO - 当前不是交易时间
2025-03-05 07:27:14,511 - INFO - 当前不是交易时间
2025-03-05 07:32:14,715 - INFO - 当前不是交易时间
2025-03-05 07:37:14,914 - INFO - 当前不是交易时间
2025-03-05 07:42:15,115 - INFO - 当前不是交易时间
2025-03-05 07:47:15,317 - INFO - 当前不是交易时间
2025-03-05 07:52:15,519 - INFO - 当前不是交易时间
2025-03-05 07:57:15,724 - INFO - 当前不是交易时间
2025-03-05 08:02:15,928 - INFO - 当前不是交易时间
2025-03-05 08:07:16,120 - INFO - 当前不是交易时间
2025-03-05 08:12:16,322 - INFO - 当前不是交易时间
2025-03-05 08:17:16,524 - INFO - 当前不是交易时间
2025-03-05 08:22:16,716 - INFO - 当前不是交易时间
2025-03-05 08:27:16,917 - INFO - 当前不是交易时间
2025-03-05 08:32:17,108 - INFO - 当前不是交易时间
2025-03-05 08:37:17,299 - INFO - 当前不是交易时间
2025-03-05 08:42:17,492 - INFO - 当前不是交易时间
2025-03-05 08:47:17,681 - INFO - 当前不是交易时间
2025-03-05 08:52:17,867 - INFO - 当前不是交易时间
2025-03-05 08:57:18,064 - INFO - 当前不是交易时间
2025-03-05 09:02:18,275 - INFO - 当前不是交易时间
2025-03-05 09:07:18,471 - INFO - 当前不是交易时间
2025-03-05 09:12:18,668 - INFO - 当前不是交易时间
2025-03-05 09:17:18,855 - INFO - 当前不是交易时间
2025-03-05 09:22:19,053 - INFO - 当前不是交易时间
2025-03-05 09:27:19,249 - INFO - 当前不是交易时间
2025-03-05 09:32:19,464 - ERROR - 发生错误: name 'cookies' is not defined
2025-03-05 09:37:19,669 - ERROR - 发生错误: name 'cookies' is not defined
2025-03-05 09:42:19,875 - ERROR - 发生错误: name 'cookies' is not defined
2025-03-05 09:47:20,074 - ERROR - 发生错误: name 'cookies' is not defined
2025-03-05 09:52:20,275 - ERROR - 发生错误: name 'cookies' is not defined
2025-03-05 09:57:20,471 - ERROR - 发生错误: name 'cookies' is not defined
2025-03-05 10:02:20,677 - ERROR - 发生错误: name 'cookies' is not defined
2025-03-05 10:07:20,883 - ERROR - 发生错误: name 'cookies' is not defined
2025-03-05 10:12:21,093 - ERROR - 发生错误: name 'cookies' is not defined
2025-03-05 10:17:21,296 - ERROR - 发生错误: name 'cookies' is not defined
2025-03-05 10:22:21,505 - ERROR - 发生错误: name 'cookies' is not defined
2025-03-05 10:27:21,700 - ERROR - 发生错误: name 'cookies' is not defined
2025-03-05 10:32:21,898 - ERROR - 发生错误: name 'cookies' is not defined
2025-03-05 10:37:22,097 - ERROR - 发生错误: name 'cookies' is not defined
2025-03-05 10:42:22,295 - ERROR - 发生错误: name 'cookies' is not defined
2025-03-05 10:47:22,500 - ERROR - 发生错误: name 'cookies' is not defined
2025-03-05 10:52:22,714 - ERROR - 发生错误: name 'cookies' is not defined
2025-03-05 10:57:22,930 - ERROR - 发生错误: name 'cookies' is not defined
2025-03-05 11:02:23,134 - ERROR - 发生错误: name 'cookies' is not defined
2025-03-05 11:07:23,347 - ERROR - 发生错误: name 'cookies' is not defined
2025-03-05 11:12:23,542 - ERROR - 发生错误: name 'cookies' is not defined
2025-03-05 11:17:23,746 - ERROR - 发生错误: name 'cookies' is not defined
2025-03-05 11:22:23,948 - ERROR - 发生错误: name 'cookies' is not defined
2025-03-05 11:27:24,143 - ERROR - 发生错误: name 'cookies' is not defined
2025-03-05 11:32:24,344 - INFO - 当前不是交易时间
2025-03-05 11:37:24,544 - INFO - 当前不是交易时间
2025-03-05 11:42:24,745 - INFO - 当前不是交易时间
2025-03-05 11:47:24,950 - INFO - 当前不是交易时间
2025-03-05 11:52:25,146 - INFO - 当前不是交易时间
2025-03-05 11:57:25,351 - INFO - 当前不是交易时间
2025-03-05 12:02:25,558 - INFO - 当前不是交易时间
2025-03-05 12:07:25,768 - INFO - 当前不是交易时间
2025-03-05 12:12:25,979 - INFO - 当前不是交易时间
2025-03-05 12:17:26,183 - INFO - 当前不是交易时间
2025-03-05 12:22:26,399 - INFO - 当前不是交易时间
2025-03-05 12:27:26,597 - INFO - 当前不是交易时间
2025-03-05 12:32:26,806 - INFO - 当前不是交易时间
2025-03-05 12:37:27,020 - INFO - 当前不是交易时间
2025-03-05 12:42:27,238 - INFO - 当前不是交易时间
2025-03-05 12:47:27,453 - INFO - 当前不是交易时间
2025-03-05 12:52:27,671 - INFO - 当前不是交易时间
2025-03-05 12:57:27,881 - INFO - 当前不是交易时间
2025-03-05 13:02:28,095 - ERROR - 发生错误: name 'cookies' is not defined
2025-03-05 13:07:28,303 - ERROR - 发生错误: name 'cookies' is not defined
2025-03-05 13:12:28,498 - ERROR - 发生错误: name 'cookies' is not defined
2025-03-05 13:17:28,715 - ERROR - 发生错误: name 'cookies' is not defined
2025-03-05 13:22:28,918 - ERROR - 发生错误: name 'cookies' is not defined
2025-03-05 13:27:29,125 - ERROR - 发生错误: name 'cookies' is not defined
2025-03-05 13:32:29,338 - ERROR - 发生错误: name 'cookies' is not defined
2025-03-05 13:37:29,552 - ERROR - 发生错误: name 'cookies' is not defined
2025-03-05 13:42:29,747 - ERROR - 发生错误: name 'cookies' is not defined
2025-03-05 13:47:29,953 - ERROR - 发生错误: name 'cookies' is not defined
2025-03-05 13:52:30,164 - ERROR - 发生错误: name 'cookies' is not defined
2025-03-05 13:57:30,381 - ERROR - 发生错误: name 'cookies' is not defined
2025-03-05 14:02:30,590 - ERROR - 发生错误: name 'cookies' is not defined
2025-03-05 14:07:30,794 - ERROR - 发生错误: name 'cookies' is not defined
2025-03-05 14:12:30,998 - ERROR - 发生错误: name 'cookies' is not defined
2025-03-05 14:17:31,197 - ERROR - 发生错误: name 'cookies' is not defined
2025-03-05 14:22:31,397 - ERROR - 发生错误: name 'cookies' is not defined
2025-03-05 14:27:31,600 - ERROR - 发生错误: name 'cookies' is not defined
2025-03-05 14:32:31,795 - ERROR - 发生错误: name 'cookies' is not defined
2025-03-05 14:37:31,992 - ERROR - 发生错误: name 'cookies' is not defined
2025-03-05 14:42:32,202 - ERROR - 发生错误: name 'cookies' is not defined
2025-03-05 14:47:32,407 - ERROR - 发生错误: name 'cookies' is not defined
2025-03-05 14:52:32,607 - ERROR - 发生错误: name 'cookies' is not defined
2025-03-05 14:57:32,814 - ERROR - 发生错误: name 'cookies' is not defined
2025-03-05 15:02:33,014 - INFO - 当前不是交易时间
2025-03-05 15:07:33,217 - INFO - 当前不是交易时间
2025-03-05 15:12:33,438 - INFO - 当前不是交易时间
2025-03-05 15:17:33,640 - INFO - 当前不是交易时间
2025-03-05 15:22:33,830 - INFO - 当前不是交易时间
2025-03-05 15:27:34,025 - INFO - 当前不是交易时间
2025-03-05 15:32:34,234 - INFO - 当前不是交易时间
2025-03-05 15:37:34,439 - INFO - 当前不是交易时间
2025-03-05 15:42:34,642 - INFO - 当前不是交易时间
2025-03-05 15:47:34,854 - INFO - 当前不是交易时间
2025-03-05 15:52:35,051 - INFO - 当前不是交易时间
2025-03-05 15:57:35,251 - INFO - 当前不是交易时间
2025-03-05 16:02:35,459 - INFO - 当前不是交易时间
2025-03-05 16:07:35,668 - INFO - 当前不是交易时间
2025-03-05 16:12:35,864 - INFO - 当前不是交易时间
2025-03-05 16:17:36,077 - INFO - 当前不是交易时间
2025-03-05 16:22:36,286 - INFO - 当前不是交易时间
2025-03-05 16:27:36,493 - INFO - 当前不是交易时间
2025-03-05 16:32:36,686 - INFO - 当前不是交易时间
2025-03-05 16:37:36,894 - INFO - 当前不是交易时间
2025-03-05 16:42:37,096 - INFO - 当前不是交易时间
2025-03-05 16:47:37,297 - INFO - 当前不是交易时间
2025-03-05 16:52:37,487 - INFO - 当前不是交易时间
2025-03-05 16:57:37,689 - INFO - 当前不是交易时间
2025-03-05 17:02:37,888 - INFO - 当前不是交易时间
2025-03-05 17:07:38,092 - INFO - 当前不是交易时间
2025-03-05 17:12:38,288 - INFO - 当前不是交易时间
2025-03-05 17:17:38,488 - INFO - 当前不是交易时间
2025-03-05 17:22:38,688 - INFO - 当前不是交易时间
2025-03-05 17:27:38,888 - INFO - 当前不是交易时间
2025-03-05 17:32:39,072 - INFO - 当前不是交易时间
2025-03-05 17:37:39,272 - INFO - 当前不是交易时间
2025-03-05 17:42:39,463 - INFO - 当前不是交易时间
2025-03-05 17:47:39,665 - INFO - 当前不是交易时间
2025-03-05 17:52:39,868 - INFO - 当前不是交易时间
2025-03-05 17:57:40,078 - INFO - 当前不是交易时间
2025-03-05 18:02:40,273 - INFO - 当前不是交易时间
2025-03-05 18:07:40,820 - INFO - 当前不是交易时间
2025-03-05 18:12:41,032 - INFO - 当前不是交易时间
2025-03-05 18:17:41,233 - INFO - 当前不是交易时间
2025-03-05 18:22:41,444 - INFO - 当前不是交易时间
2025-03-05 18:27:41,650 - INFO - 当前不是交易时间
2025-03-05 18:32:41,844 - INFO - 当前不是交易时间
2025-03-05 18:37:42,053 - INFO - 当前不是交易时间
2025-03-05 18:42:42,249 - INFO - 当前不是交易时间
2025-03-05 18:47:42,458 - INFO - 当前不是交易时间
2025-03-05 18:52:42,659 - INFO - 当前不是交易时间
2025-03-05 18:57:42,858 - INFO - 当前不是交易时间
2025-03-05 19:02:43,066 - INFO - 当前不是交易时间
2025-03-05 19:07:43,270 - INFO - 当前不是交易时间
2025-03-05 19:12:43,466 - INFO - 当前不是交易时间
2025-03-05 19:17:43,666 - INFO - 当前不是交易时间
2025-03-05 19:22:43,861 - INFO - 当前不是交易时间
2025-03-06 19:09:03,909 - INFO - 正在启动交易系统...
2025-03-06 19:09:03,911 - INFO - 同花顺交易客户端路径: D:\同花顺\hexin.exe
2025-03-06 19:09:03,939 - INFO - 正在启动同花顺客户端...
2025-03-06 19:09:08,945 - INFO - 同花顺客户端已成功启动
2025-03-06 19:09:08,946 - INFO - 同花顺客户端已成功启动
2025-03-06 19:09:11,948 - INFO - 当前不是交易时间
2025-03-06 19:09:11,948 - INFO - 线程 JQ_Monitor 已启动
2025-03-06 19:09:11,954 - INFO - 线程 Signal_Processor 已启动
2025-03-06 19:09:11,955 - INFO - 所有功能模块已启动完成
2025-03-06 19:22:05,905 - INFO - 正在启动交易系统...
2025-03-06 19:22:05,908 - INFO - 同花顺交易客户端路径: D:\同花顺\hexin.exe
2025-03-06 19:22:05,925 - INFO - 找到正在运行的程序 hexin.exe，进程ID: 11576
2025-03-06 19:22:05,926 - INFO - 同花顺客户端已经在运行
2025-03-06 19:22:05,926 - INFO - 同花顺客户端已成功启动
2025-03-06 19:22:08,928 - INFO - 当前不是交易时间
2025-03-06 19:22:08,928 - INFO - 线程 JQ_Monitor 已启动
2025-03-06 19:22:08,931 - INFO - 线程 Signal_Processor 已启动
2025-03-06 19:22:08,932 - INFO - 所有功能模块已启动完成
2025-03-06 19:29:47,815 - INFO - 正在启动交易系统...
2025-03-06 19:29:47,815 - INFO - 同花顺交易客户端路径: D:\同花顺\hexin.exe
2025-03-06 19:29:47,827 - INFO - 找到正在运行的程序 hexin.exe，进程ID: 11576
2025-03-06 19:29:47,827 - INFO - 同花顺客户端已经在运行
2025-03-06 19:29:47,828 - INFO - 同花顺客户端已成功启动
2025-03-06 19:29:53,829 - INFO - 尝试使用F12快捷键打开交易界面
2025-03-06 19:29:58,934 - INFO - 交易界面已成功打开
2025-03-06 19:29:58,936 - INFO - 当前不是交易时间
2025-03-06 19:29:58,936 - INFO - 线程 JQ_Monitor 已启动
2025-03-06 19:29:58,939 - INFO - 线程 Signal_Processor 已启动
2025-03-06 19:29:58,940 - INFO - 所有功能模块已启动完成
2025-03-06 19:32:24,484 - INFO - 正在启动交易系统...
2025-03-06 19:32:24,484 - INFO - 同花顺交易客户端路径: D:\同花顺\hexin.exe
2025-03-06 19:32:24,495 - INFO - 找到正在运行的程序 hexin.exe，进程ID: 11576
2025-03-06 19:32:24,495 - INFO - 同花顺客户端已经在运行
2025-03-06 19:32:24,496 - INFO - 同花顺客户端已成功启动
2025-03-06 19:32:30,499 - INFO - 同花顺窗口处于最小化状态，正在恢复
2025-03-06 19:32:31,663 - INFO - 已激活同花顺主窗口: 同花顺(9.40.30) - 首页
2025-03-06 19:32:34,274 - INFO - 尝试使用F12快捷键打开交易界面
2025-03-06 19:32:39,380 - INFO - 交易界面已成功打开
2025-03-06 19:32:39,382 - INFO - 当前不是交易时间
2025-03-06 19:32:39,382 - INFO - 线程 JQ_Monitor 已启动
2025-03-06 19:32:39,385 - INFO - 线程 Signal_Processor 已启动
2025-03-06 19:32:39,386 - INFO - 所有功能模块已启动完成
2025-03-06 19:37:40,381 - INFO - 正在启动交易系统...
2025-03-06 19:37:40,382 - INFO - 同花顺交易客户端路径: D:\同花顺\hexin.exe
2025-03-06 19:37:40,392 - INFO - 找到正在运行的程序 hexin.exe，进程ID: 11576
2025-03-06 19:37:40,393 - INFO - 同花顺客户端已经在运行
2025-03-06 19:37:40,393 - INFO - 同花顺客户端已成功启动
2025-03-06 19:37:46,397 - INFO - 已激活同花顺主窗口: 同花顺(9.40.30) - 首页
2025-03-06 19:37:49,010 - INFO - 尝试使用F12快捷键打开交易界面
2025-03-06 19:37:54,114 - INFO - 交易界面已成功打开
2025-03-06 19:37:54,115 - INFO - 当前不是交易时间
2025-03-06 19:37:54,115 - INFO - 线程 JQ_Monitor 已启动
2025-03-06 19:37:54,117 - INFO - 线程 Signal_Processor 已启动
2025-03-06 19:37:54,118 - INFO - 所有功能模块已启动完成
2025-03-06 19:42:54,118 - INFO - 当前不是交易时间
2025-03-06 19:44:52,372 - INFO - 开始运行数据获取程序...
2025-03-06 19:44:52,372 - INFO - 当前不是交易时间
2025-03-06 19:47:54,120 - INFO - 当前不是交易时间
2025-03-06 19:48:11,178 - INFO - 开始运行数据获取程序...
2025-03-06 19:48:11,179 - INFO - 当前不是交易时间
2025-03-06 19:48:11,180 - ERROR - 加载cookies时出错: 'utf-8' codec can't decode byte 0xff in position 0: invalid start byte
2025-03-06 19:48:11,181 - INFO - Cookies状态：无效或不存在
2025-03-06 19:49:38,512 - INFO - 开始运行数据获取程序...
2025-03-06 19:49:38,513 - INFO - 当前不是交易时间
2025-03-06 19:49:38,514 - INFO - 成功使用utf-16编码解析cookies文件
2025-03-06 19:49:38,515 - WARNING - Cookies已过期! 过期时间: 2025-03-01 01:25:34
2025-03-06 19:49:38,515 - INFO - 尝试自动更新cookies...
2025-03-06 19:49:38,808 - INFO - 已获取新的cookies并保存到文件
2025-03-06 19:49:38,810 - INFO - Cookies状态：缺少过期时间信息
2025-03-06 19:52:54,121 - INFO - 当前不是交易时间
2025-03-06 19:54:38,984 - INFO - 当前不是交易时间
2025-03-06 19:57:54,122 - INFO - 当前不是交易时间
2025-03-06 20:02:05,205 - INFO - 开始运行数据获取程序...
2025-03-06 20:02:05,205 - INFO - 当前不是交易时间
2025-03-06 20:02:05,206 - INFO - 成功使用utf-8编码解析cookies文件
2025-03-06 20:02:05,206 - INFO - 成功加载cookies
2025-03-06 20:02:05,206 - INFO - Cookies状态：缺少过期时间信息
2025-03-06 20:02:54,123 - INFO - 当前不是交易时间
2025-03-06 20:04:42,528 - INFO - 开始运行数据获取程序...
2025-03-06 20:04:42,528 - INFO - 当前不是交易时间
2025-03-06 20:04:42,529 - INFO - 成功使用utf-8编码解析cookies文件
2025-03-06 20:04:42,529 - WARNING - Cookies中缺少过期时间信息，尝试更新cookies
2025-03-06 20:04:42,529 - INFO - 尝试自动更新cookies...
2025-03-06 20:04:42,845 - INFO - 配置文件不存在，需要初始化凭据
2025-03-06 20:05:05,135 - INFO - 凭据已加密保存
2025-03-06 20:05:05,248 - INFO - 已获取新的cookies并保存到文件
2025-03-06 20:05:05,249 - INFO - Cookies状态：缺少过期时间信息
2025-03-06 20:07:05,375 - INFO - 当前不是交易时间
2025-03-06 20:07:47,433 - INFO - 开始运行数据获取程序...
2025-03-06 20:07:47,433 - INFO - 当前不是交易时间
2025-03-06 20:07:47,434 - INFO - 成功使用utf-8编码解析cookies文件
2025-03-06 20:07:47,434 - WARNING - Cookies中缺少过期时间信息，尝试更新cookies
2025-03-06 20:07:47,434 - INFO - 尝试自动更新cookies...
2025-03-06 20:07:47,787 - INFO - 已获取新的cookies并保存到文件
2025-03-06 20:07:47,789 - INFO - Cookies状态：缺少过期时间信息
2025-03-06 20:09:49,410 - INFO - 开始运行数据获取程序...
2025-03-06 20:09:49,411 - INFO - 当前不是交易时间
2025-03-06 20:09:49,411 - INFO - 成功使用utf-8编码解析cookies文件
2025-03-06 20:09:49,411 - WARNING - Cookies中缺少过期时间信息，尝试更新cookies
2025-03-06 20:09:49,411 - INFO - 尝试自动更新cookies...
2025-03-06 20:09:49,716 - ERROR - 获取的新cookies中缺少_xsrf字段，可能登录未完全成功
2025-03-06 20:09:49,801 - INFO - 已尝试通过访问用户主页获取完整cookies
2025-03-06 20:09:49,801 - WARNING - 获取的新cookies中仍然缺少_xsrf字段，可能会影响过期时间检测
2025-03-06 20:09:49,802 - INFO - 已获取新的cookies并保存到文件
2025-03-06 20:09:49,804 - INFO - Cookies状态：缺少过期时间信息
2025-03-06 20:12:05,542 - INFO - 成功使用utf-8编码解析cookies文件
2025-03-06 20:12:05,542 - INFO - 成功加载cookies
2025-03-06 20:12:05,542 - INFO - Cookies状态：缺少过期时间信息
2025-03-06 20:12:05,542 - INFO - 当前不是交易时间
2025-03-06 20:12:54,767 - INFO - 开始运行数据获取程序...
2025-03-06 20:12:54,767 - INFO - 当前不是交易时间
2025-03-06 20:12:54,768 - INFO - 成功使用utf-8编码解析cookies文件
2025-03-06 20:12:54,768 - WARNING - Cookies中缺少过期时间信息，尝试更新cookies
2025-03-06 20:12:54,768 - INFO - 尝试自动更新cookies...
2025-03-06 20:12:55,126 - ERROR - 登录失败: 输入错误
2025-03-06 20:12:55,127 - INFO - Cookies状态：无效或不存在
2025-03-06 20:16:01,646 - INFO - 开始运行数据获取程序...
2025-03-06 20:16:01,646 - INFO - 当前不是交易时间
2025-03-06 20:16:01,648 - INFO - 成功使用utf-8编码解析cookies文件
2025-03-06 20:16:01,648 - WARNING - Cookies中缺少过期时间信息，尝试更新cookies
2025-03-06 20:16:01,648 - INFO - 尝试自动更新cookies...
2025-03-06 20:16:02,022 - ERROR - 登录失败: 输入错误
2025-03-06 20:16:02,024 - INFO - Cookies状态：无效或不存在
2025-03-06 20:17:05,697 - INFO - 当前不是交易时间
2025-03-06 20:19:06,543 - INFO - 开始运行数据获取程序...
2025-03-06 20:19:06,543 - INFO - 当前不是交易时间
2025-03-06 20:19:06,544 - INFO - 成功使用utf-8编码解析cookies文件
2025-03-06 20:19:06,544 - WARNING - Cookies中缺少过期时间信息，尝试更新cookies
2025-03-06 20:19:06,544 - INFO - 尝试自动更新cookies...
2025-03-06 20:19:06,916 - ERROR - 登录失败: 输入错误
2025-03-06 20:19:06,918 - INFO - Cookies状态：无效或不存在
2025-03-06 20:22:05,872 - INFO - 成功使用utf-8编码解析cookies文件
2025-03-06 20:22:05,872 - INFO - 成功加载cookies
2025-03-06 20:22:05,872 - INFO - Cookies状态：缺少过期时间信息
2025-03-06 20:22:05,873 - INFO - 当前不是交易时间
2025-03-06 20:24:07,104 - INFO - 当前不是交易时间
2025-03-06 20:24:38,684 - INFO - 开始运行数据获取程序...
2025-03-06 20:24:38,685 - INFO - 当前不是交易时间
2025-03-06 20:24:38,685 - INFO - 成功使用utf-8编码解析cookies文件
2025-03-06 20:24:38,685 - WARNING - Cookies中缺少过期时间信息，尝试更新cookies
2025-03-06 20:24:38,685 - INFO - 尝试自动更新cookies...
2025-03-06 20:24:39,093 - ERROR - 登录失败: 输入错误
2025-03-06 20:24:39,094 - ERROR - 详细错误信息: {
  "data": null,
  "status": "2",
  "code": "20000",
  "msg": "输入错误"
}
2025-03-06 20:24:39,095 - INFO - Cookies状态：无效或不存在
2025-03-06 20:26:14,268 - INFO - 开始运行数据获取程序...
2025-03-06 20:26:14,269 - INFO - 当前不是交易时间
2025-03-06 20:26:14,269 - INFO - 成功使用utf-8编码解析cookies文件
2025-03-06 20:26:14,269 - WARNING - Cookies中缺少过期时间信息，尝试更新cookies
2025-03-06 20:26:14,270 - INFO - 尝试自动更新cookies...
2025-03-06 20:26:14,570 - ERROR - 登录失败: 输入错误
2025-03-06 20:26:14,571 - ERROR - 详细错误信息: {
  "data": null,
  "status": "2",
  "code": "20000",
  "msg": "输入错误"
}
2025-03-06 20:26:14,573 - INFO - Cookies状态：无效或不存在
2025-03-06 20:26:23,872 - INFO - 开始运行数据获取程序...
2025-03-06 20:26:23,873 - INFO - 当前不是交易时间
2025-03-06 20:26:23,873 - INFO - 成功使用utf-8编码解析cookies文件
2025-03-06 20:26:23,873 - WARNING - Cookies中缺少过期时间信息，尝试更新cookies
2025-03-06 20:26:23,873 - INFO - 尝试自动更新cookies...
2025-03-06 20:26:24,178 - ERROR - 登录失败: 输入错误
2025-03-06 20:26:24,179 - ERROR - 详细错误信息: {
  "data": null,
  "status": "2",
  "code": "20000",
  "msg": "输入错误"
}
2025-03-06 20:26:24,183 - INFO - Cookies状态：无效或不存在
2025-03-06 20:27:06,025 - INFO - 当前不是交易时间
2025-03-06 20:27:15,496 - INFO - 开始运行数据获取程序...
2025-03-06 20:27:15,496 - INFO - 当前不是交易时间
2025-03-06 20:27:15,496 - INFO - 成功使用utf-8编码解析cookies文件
2025-03-06 20:27:15,497 - WARNING - Cookies中缺少过期时间信息，尝试更新cookies
2025-03-06 20:27:15,497 - INFO - 尝试自动更新cookies...
2025-03-06 20:27:15,789 - ERROR - 登录失败: 输入错误
2025-03-06 20:27:15,789 - ERROR - 详细错误信息: {
  "data": null,
  "status": "2",
  "code": "20000",
  "msg": "输入错误"
}
2025-03-06 20:27:15,791 - INFO - Cookies状态：无效或不存在
2025-03-06 20:27:34,279 - INFO - 开始运行数据获取程序...
2025-03-06 20:27:34,279 - INFO - 当前不是交易时间
2025-03-06 20:27:34,279 - INFO - 成功使用utf-8编码解析cookies文件
2025-03-06 20:27:34,279 - WARNING - Cookies中缺少过期时间信息，尝试更新cookies
2025-03-06 20:27:34,280 - INFO - 尝试自动更新cookies...
2025-03-06 20:27:34,581 - ERROR - 登录失败: 输入错误
2025-03-06 20:27:34,581 - ERROR - 详细错误信息: {
  "data": null,
  "status": "2",
  "code": "20000",
  "msg": "输入错误"
}
2025-03-06 20:27:34,583 - INFO - Cookies状态：无效或不存在
2025-03-06 20:28:02,451 - INFO - 开始运行数据获取程序...
2025-03-06 20:28:02,452 - INFO - 当前不是交易时间
2025-03-06 20:28:02,452 - INFO - 成功使用utf-8编码解析cookies文件
2025-03-06 20:28:02,452 - WARNING - Cookies中缺少过期时间信息，尝试更新cookies
2025-03-06 20:28:02,452 - INFO - 尝试自动更新cookies...
2025-03-06 20:28:02,782 - ERROR - 登录失败: 输入错误
2025-03-06 20:28:02,782 - ERROR - 详细错误信息: {
  "data": null,
  "status": "2",
  "code": "20000",
  "msg": "输入错误"
}
2025-03-06 20:28:02,784 - INFO - Cookies状态：无效或不存在
2025-03-06 20:30:18,012 - INFO - 开始运行数据获取程序...
2025-03-06 20:30:18,013 - INFO - 当前不是交易时间
2025-03-06 20:30:18,013 - INFO - 成功使用utf-8编码解析cookies文件
2025-03-06 20:30:18,013 - WARNING - Cookies中缺少过期时间信息，尝试更新cookies
2025-03-06 20:30:18,013 - INFO - 尝试自动更新cookies...
2025-03-06 20:30:18,288 - ERROR - 加载凭据时出错: 'username'
2025-03-06 20:30:39,742 - INFO - 凭据已加密保存
2025-03-06 20:30:39,785 - ERROR - 登录失败: 输入错误
2025-03-06 20:30:39,785 - ERROR - 详细错误信息: {
  "data": null,
  "status": "2",
  "code": "20000",
  "msg": "输入错误"
}
2025-03-06 20:30:39,787 - INFO - Cookies状态：无效或不存在
2025-03-06 20:31:24,144 - INFO - 开始运行数据获取程序...
2025-03-06 20:31:24,144 - INFO - 当前不是交易时间
2025-03-06 20:31:24,145 - INFO - 成功使用utf-8编码解析cookies文件
2025-03-06 20:31:24,145 - WARNING - Cookies中缺少过期时间信息，尝试更新cookies
2025-03-06 20:31:24,145 - INFO - 尝试自动更新cookies...
2025-03-06 20:31:24,493 - ERROR - 登录失败: 输入错误
2025-03-06 20:31:24,493 - ERROR - 详细错误信息: {
  "data": null,
  "status": "2",
  "code": "20000",
  "msg": "输入错误"
}
2025-03-06 20:31:24,494 - INFO - Cookies状态：无效或不存在
2025-03-06 20:32:02,877 - INFO - 开始运行数据获取程序...
2025-03-06 20:32:02,877 - INFO - 当前不是交易时间
2025-03-06 20:32:02,878 - INFO - 成功使用utf-8编码解析cookies文件
2025-03-06 20:32:02,878 - WARNING - Cookies中缺少过期时间信息，尝试更新cookies
2025-03-06 20:32:02,878 - INFO - 尝试自动更新cookies...
2025-03-06 20:32:03,273 - ERROR - 登录失败: 输入错误
2025-03-06 20:32:03,273 - ERROR - 详细错误信息: {
  "data": null,
  "status": "2",
  "code": "20000",
  "msg": "输入错误"
}
2025-03-06 20:32:03,275 - INFO - Cookies状态：无效或不存在
2025-03-06 20:32:06,190 - INFO - 成功使用utf-8编码解析cookies文件
2025-03-06 20:32:06,190 - INFO - 成功加载cookies
2025-03-06 20:32:06,190 - INFO - Cookies状态：缺少过期时间信息
2025-03-06 20:32:06,191 - INFO - 当前不是交易时间
2025-03-06 20:32:25,595 - INFO - 开始运行数据获取程序...
2025-03-06 20:32:25,596 - INFO - 当前不是交易时间
2025-03-06 20:32:25,596 - INFO - 成功使用utf-8编码解析cookies文件
2025-03-06 20:32:25,596 - WARNING - Cookies中缺少过期时间信息，尝试更新cookies
2025-03-06 20:32:25,596 - INFO - 尝试自动更新cookies...
2025-03-06 20:32:25,888 - ERROR - 登录失败: 输入错误
2025-03-06 20:32:25,888 - ERROR - 详细错误信息: {
  "data": null,
  "status": "2",
  "code": "20000",
  "msg": "输入错误"
}
2025-03-06 20:32:25,889 - INFO - Cookies状态：无效或不存在
2025-03-06 20:34:44,288 - INFO - 开始运行数据获取程序...
2025-03-06 20:34:44,288 - INFO - 当前不是交易时间
2025-03-06 20:34:44,288 - INFO - 成功使用utf-8编码解析cookies文件
2025-03-06 20:34:44,289 - WARNING - Cookies中缺少过期时间信息，尝试更新cookies
2025-03-06 20:34:44,289 - INFO - 尝试自动更新cookies...
2025-03-06 20:34:44,665 - ERROR - 登录失败: 输入错误
2025-03-06 20:34:44,665 - ERROR - 详细错误信息: {
  "data": null,
  "status": "2",
  "code": "20000",
  "msg": "输入错误"
}
2025-03-06 20:34:44,667 - INFO - Cookies状态：无效或不存在
2025-03-06 20:37:06,362 - INFO - 当前不是交易时间
2025-03-06 20:39:44,835 - INFO - 当前不是交易时间
2025-03-06 20:42:06,531 - INFO - 成功使用utf-8编码解析cookies文件
2025-03-06 20:42:06,532 - INFO - 成功加载cookies
2025-03-06 20:42:06,532 - INFO - Cookies状态：缺少过期时间信息
2025-03-06 20:42:06,532 - INFO - 当前不是交易时间
2025-03-06 20:44:10,600 - INFO - 开始运行数据获取程序...
2025-03-06 20:44:10,600 - INFO - 当前不是交易时间
2025-03-06 20:44:10,601 - INFO - 成功使用utf-8编码解析cookies文件
2025-03-06 20:44:10,601 - WARNING - Cookies中缺少过期时间信息，尝试更新cookies
2025-03-06 20:44:10,601 - INFO - 尝试自动更新cookies...
2025-03-06 20:44:10,957 - ERROR - 登录失败: 输入错误
2025-03-06 20:44:10,957 - ERROR - 详细错误信息: {
  "data": null,
  "status": "2",
  "code": "20000",
  "msg": "输入错误"
}
2025-03-06 20:44:10,958 - INFO - Cookies状态：无效或不存在
2025-03-06 20:47:06,706 - INFO - 当前不是交易时间
2025-03-06 20:49:11,127 - INFO - 当前不是交易时间
2025-03-06 20:52:06,869 - INFO - 成功使用utf-8编码解析cookies文件
2025-03-06 20:52:06,869 - INFO - 成功加载cookies
2025-03-06 20:52:06,869 - INFO - Cookies状态：缺少过期时间信息
2025-03-06 20:52:06,870 - INFO - 当前不是交易时间
2025-03-06 20:54:11,304 - INFO - 成功使用utf-8编码解析cookies文件
2025-03-06 20:54:11,304 - WARNING - Cookies中缺少过期时间信息，尝试更新cookies
2025-03-06 20:54:11,305 - INFO - 尝试自动更新cookies...
2025-03-06 20:54:11,647 - ERROR - 登录失败: 输入错误
2025-03-06 20:54:11,647 - ERROR - 详细错误信息: {
  "data": null,
  "status": "2",
  "code": "20000",
  "msg": "输入错误"
}
2025-03-06 20:54:11,648 - INFO - Cookies状态：无效或不存在
2025-03-06 20:54:11,649 - INFO - 当前不是交易时间
2025-03-06 20:57:07,043 - INFO - 当前不是交易时间
2025-03-06 20:59:11,821 - INFO - 当前不是交易时间
2025-03-06 21:02:07,211 - INFO - 成功使用utf-8编码解析cookies文件
2025-03-06 21:02:07,212 - INFO - 成功加载cookies
2025-03-06 21:02:07,212 - INFO - Cookies状态：缺少过期时间信息
2025-03-06 21:02:07,213 - INFO - 当前不是交易时间
2025-03-06 21:04:11,994 - INFO - 成功使用utf-8编码解析cookies文件
2025-03-06 21:04:11,994 - WARNING - Cookies中缺少过期时间信息，尝试更新cookies
2025-03-06 21:04:11,994 - INFO - 尝试自动更新cookies...
2025-03-06 21:04:12,310 - ERROR - 登录失败: 输入错误
2025-03-06 21:04:12,310 - ERROR - 详细错误信息: {
  "data": null,
  "status": "2",
  "code": "20000",
  "msg": "输入错误"
}
2025-03-06 21:04:12,312 - INFO - Cookies状态：无效或不存在
2025-03-06 21:04:12,312 - INFO - 当前不是交易时间
2025-03-06 21:07:07,381 - INFO - 当前不是交易时间
2025-03-06 21:09:12,479 - INFO - 当前不是交易时间
2025-03-06 21:11:58,396 - INFO - 开始运行数据获取程序...
2025-03-06 21:11:58,396 - INFO - 当前不是交易时间
2025-03-06 21:11:58,396 - INFO - 成功使用utf-8编码解析cookies文件
2025-03-06 21:11:58,397 - WARNING - Cookies中缺少过期时间信息，尝试更新cookies
2025-03-06 21:11:58,397 - INFO - 尝试自动更新cookies...
2025-03-06 21:11:58,701 - ERROR - 登录失败: 
2025-03-06 21:11:58,702 - ERROR - 详细错误信息: {
  "data": {
    "isLogin": 0
  },
  "status": "0",
  "code": "00000",
  "msg": ""
}
2025-03-06 21:11:58,703 - INFO - Cookies状态：无效或不存在
2025-03-06 21:12:07,545 - INFO - 成功使用utf-8编码解析cookies文件
2025-03-06 21:12:07,546 - INFO - 成功加载cookies
2025-03-06 21:12:07,546 - INFO - Cookies状态：缺少过期时间信息
2025-03-06 21:12:07,546 - INFO - 当前不是交易时间
2025-03-06 21:14:12,661 - INFO - 成功使用utf-8编码解析cookies文件
2025-03-06 21:14:12,661 - WARNING - Cookies中缺少过期时间信息，尝试更新cookies
2025-03-06 21:14:12,661 - INFO - 尝试自动更新cookies...
2025-03-06 21:14:13,051 - ERROR - 登录失败: 输入错误
2025-03-06 21:14:13,052 - ERROR - 详细错误信息: {
  "data": null,
  "status": "2",
  "code": "20000",
  "msg": "输入错误"
}
2025-03-06 21:14:13,053 - INFO - Cookies状态：无效或不存在
2025-03-06 21:14:13,053 - INFO - 当前不是交易时间
2025-03-06 21:16:00,829 - INFO - 开始运行数据获取程序...
2025-03-06 21:16:00,829 - INFO - 当前不是交易时间
2025-03-06 21:16:00,829 - INFO - 成功使用utf-8编码解析cookies文件
2025-03-06 21:16:00,829 - WARNING - Cookies中缺少过期时间信息，尝试更新cookies
2025-03-06 21:16:00,829 - INFO - 尝试自动更新cookies...
2025-03-06 21:16:01,085 - INFO - 成功从页面提取token
2025-03-06 21:16:01,087 - ERROR - 更新cookies时出错: name 'csrf_token' is not defined
2025-03-06 21:16:01,088 - INFO - Cookies状态：无效或不存在
2025-03-06 21:16:58,880 - INFO - 当前不是交易时间
2025-03-06 21:17:07,377 - INFO - 开始运行数据获取程序...
2025-03-06 21:17:07,377 - INFO - 当前不是交易时间
2025-03-06 21:17:07,378 - INFO - 成功使用utf-8编码解析cookies文件
2025-03-06 21:17:07,378 - WARNING - Cookies中缺少过期时间信息，尝试更新cookies
2025-03-06 21:17:07,378 - INFO - 尝试自动更新cookies...
2025-03-06 21:17:07,633 - INFO - 成功从页面提取token
2025-03-06 21:17:07,672 - WARNING - 解析登录响应时出错: Expecting value: line 1 column 1 (char 0)，继续尝试获取cookies
2025-03-06 21:17:07,672 - WARNING - 获取的新cookies中缺少_xsrf字段，尝试访问多个页面获取完整cookies
2025-03-06 21:17:07,719 - INFO - 当前不是交易时间
2025-03-06 21:17:07,781 - INFO - 已尝试通过访问多个页面获取完整cookies
2025-03-06 21:17:07,781 - WARNING - 获取的新cookies中仍然缺少_xsrf字段，可能会影响过期时间检测
2025-03-06 21:17:07,782 - INFO - 已获取新的cookies并保存到文件
2025-03-06 21:17:07,783 - INFO - Cookies状态：缺少过期时间信息
2025-03-06 21:19:13,232 - INFO - 当前不是交易时间
2025-03-06 21:21:59,065 - INFO - 成功使用utf-8编码解析cookies文件
2025-03-06 21:21:59,065 - WARNING - Cookies中缺少过期时间信息，尝试更新cookies
2025-03-06 21:21:59,065 - INFO - 尝试自动更新cookies...
2025-03-06 21:21:59,364 - ERROR - 登录失败: 
2025-03-06 21:21:59,365 - ERROR - 详细错误信息: {
  "data": {
    "isLogin": 0
  },
  "status": "0",
  "code": "00000",
  "msg": ""
}
2025-03-06 21:21:59,366 - INFO - Cookies状态：无效或不存在
2025-03-06 21:21:59,366 - INFO - 当前不是交易时间
2025-03-06 21:22:07,903 - INFO - 成功使用utf-8编码解析cookies文件
2025-03-06 21:22:07,903 - INFO - 成功加载cookies
2025-03-06 21:22:07,903 - INFO - Cookies状态：缺少过期时间信息
2025-03-06 21:22:07,904 - INFO - 当前不是交易时间
2025-03-06 21:22:07,977 - INFO - 当前不是交易时间
2025-03-06 21:24:13,436 - INFO - 成功使用utf-8编码解析cookies文件
2025-03-06 21:24:13,436 - WARNING - Cookies中缺少过期时间信息，尝试更新cookies
2025-03-06 21:24:13,437 - INFO - 尝试自动更新cookies...
2025-03-06 21:24:13,738 - ERROR - 登录失败: 输入错误
2025-03-06 21:24:13,738 - ERROR - 详细错误信息: {
  "data": null,
  "status": "2",
  "code": "20000",
  "msg": "输入错误"
}
2025-03-06 21:24:13,740 - INFO - Cookies状态：无效或不存在
2025-03-06 21:24:13,740 - INFO - 当前不是交易时间
2025-03-06 21:26:59,536 - INFO - 当前不是交易时间
2025-03-06 21:27:08,084 - INFO - 当前不是交易时间
2025-03-06 21:27:08,165 - INFO - 成功使用utf-8编码解析cookies文件
2025-03-06 21:27:08,167 - WARNING - Cookies中缺少过期时间信息，尝试更新cookies
2025-03-06 21:27:08,167 - INFO - 尝试自动更新cookies...
2025-03-06 21:27:08,506 - INFO - 成功从页面提取token
2025-03-06 21:27:08,543 - WARNING - 解析登录响应时出错: Expecting value: line 1 column 1 (char 0)，继续尝试获取cookies
2025-03-06 21:27:08,544 - WARNING - 获取的新cookies中缺少_xsrf字段，尝试访问多个页面获取完整cookies
2025-03-06 21:27:08,659 - INFO - 已尝试通过访问多个页面获取完整cookies
2025-03-06 21:27:08,660 - WARNING - 获取的新cookies中仍然缺少_xsrf字段，可能会影响过期时间检测
2025-03-06 21:27:08,660 - INFO - 已获取新的cookies并保存到文件
2025-03-06 21:27:08,661 - INFO - Cookies状态：缺少过期时间信息
2025-03-06 21:27:08,662 - INFO - 当前不是交易时间
2025-03-06 21:29:13,919 - INFO - 当前不是交易时间
2025-03-06 21:31:59,713 - INFO - 成功使用utf-8编码解析cookies文件
2025-03-06 21:31:59,713 - WARNING - Cookies中缺少过期时间信息，尝试更新cookies
2025-03-06 21:31:59,713 - INFO - 尝试自动更新cookies...
2025-03-06 21:32:00,058 - ERROR - 登录失败: 
2025-03-06 21:32:00,059 - ERROR - 详细错误信息: {
  "data": {
    "isLogin": 0
  },
  "status": "0",
  "code": "00000",
  "msg": ""
}
2025-03-06 21:32:00,063 - INFO - Cookies状态：无效或不存在
2025-03-06 21:32:00,064 - INFO - 当前不是交易时间
2025-03-06 21:32:08,268 - INFO - 成功使用utf-8编码解析cookies文件
2025-03-06 21:32:08,268 - INFO - 成功加载cookies
2025-03-06 21:32:08,268 - INFO - Cookies状态：缺少过期时间信息
2025-03-06 21:32:08,269 - INFO - 当前不是交易时间
2025-03-06 21:32:08,826 - INFO - 当前不是交易时间
2025-03-06 21:34:14,130 - INFO - 成功使用utf-8编码解析cookies文件
2025-03-06 21:34:14,130 - WARNING - Cookies中缺少过期时间信息，尝试更新cookies
2025-03-06 21:34:14,130 - INFO - 尝试自动更新cookies...
2025-03-06 21:34:14,451 - ERROR - 登录失败: 输入错误
2025-03-06 21:34:14,452 - ERROR - 详细错误信息: {
  "data": null,
  "status": "2",
  "code": "20000",
  "msg": "输入错误"
}
2025-03-06 21:34:14,453 - INFO - Cookies状态：无效或不存在
2025-03-06 21:34:14,453 - INFO - 当前不是交易时间
2025-03-06 21:37:00,244 - INFO - 当前不是交易时间
2025-03-06 21:37:08,453 - INFO - 当前不是交易时间
2025-03-06 21:37:09,030 - INFO - 成功使用utf-8编码解析cookies文件
2025-03-06 21:37:09,031 - WARNING - Cookies中缺少过期时间信息，尝试更新cookies
2025-03-06 21:37:09,032 - INFO - 尝试自动更新cookies...
2025-03-06 21:37:09,445 - INFO - 成功从页面提取token
2025-03-06 21:37:09,494 - WARNING - 解析登录响应时出错: Expecting value: line 1 column 1 (char 0)，继续尝试获取cookies
2025-03-06 21:37:09,494 - WARNING - 获取的新cookies中缺少_xsrf字段，尝试访问多个页面获取完整cookies
2025-03-06 21:37:09,634 - INFO - 已尝试通过访问多个页面获取完整cookies
2025-03-06 21:37:09,634 - WARNING - 获取的新cookies中仍然缺少_xsrf字段，可能会影响过期时间检测
2025-03-06 21:37:09,635 - INFO - 已获取新的cookies并保存到文件
2025-03-06 21:37:09,636 - INFO - Cookies状态：缺少过期时间信息
2025-03-06 21:37:09,636 - INFO - 当前不是交易时间
2025-03-06 21:39:14,676 - INFO - 当前不是交易时间
2025-03-06 21:42:00,435 - INFO - 成功使用utf-8编码解析cookies文件
2025-03-06 21:42:00,435 - WARNING - Cookies中缺少过期时间信息，尝试更新cookies
2025-03-06 21:42:00,435 - INFO - 尝试自动更新cookies...
2025-03-06 21:42:00,740 - ERROR - 登录失败: 
2025-03-06 21:42:00,740 - ERROR - 详细错误信息: {
  "data": {
    "isLogin": 0
  },
  "status": "0",
  "code": "00000",
  "msg": ""
}
2025-03-06 21:42:00,742 - INFO - Cookies状态：无效或不存在
2025-03-06 21:42:00,742 - INFO - 当前不是交易时间
2025-03-06 21:42:08,635 - INFO - 成功使用utf-8编码解析cookies文件
2025-03-06 21:42:08,635 - INFO - 成功加载cookies
2025-03-06 21:42:08,636 - INFO - Cookies状态：缺少过期时间信息
2025-03-06 21:42:08,636 - INFO - 当前不是交易时间
2025-03-06 21:42:09,823 - INFO - 当前不是交易时间
2025-03-06 21:44:14,854 - INFO - 成功使用utf-8编码解析cookies文件
2025-03-06 21:44:14,855 - WARNING - Cookies中缺少过期时间信息，尝试更新cookies
2025-03-06 21:44:14,855 - INFO - 尝试自动更新cookies...
2025-03-06 21:44:15,232 - ERROR - 登录失败: 输入错误
2025-03-06 21:44:15,232 - ERROR - 详细错误信息: {
  "data": null,
  "status": "2",
  "code": "20000",
  "msg": "输入错误"
}
2025-03-06 21:44:15,235 - INFO - Cookies状态：无效或不存在
2025-03-06 21:44:15,236 - INFO - 当前不是交易时间
