2025-03-06 19:09:03,909 - INFO - 正在启动交易系统...
2025-03-06 19:09:03,911 - INFO - 同花顺交易客户端路径: D:\同花顺\hexin.exe
2025-03-06 19:09:03,939 - INFO - 正在启动同花顺客户端...
2025-03-06 19:09:08,945 - INFO - 同花顺客户端已成功启动
2025-03-06 19:09:08,946 - INFO - 同花顺客户端已成功启动
2025-03-06 19:09:11,948 - INFO - 当前不是交易时间
2025-03-06 19:09:11,948 - INFO - 线程 JQ_Monitor 已启动
2025-03-06 19:09:11,954 - INFO - 线程 Signal_Processor 已启动
2025-03-06 19:09:11,955 - INFO - 所有功能模块已启动完成
2025-03-06 19:22:05,905 - INFO - 正在启动交易系统...
2025-03-06 19:22:05,908 - INFO - 同花顺交易客户端路径: D:\同花顺\hexin.exe
2025-03-06 19:22:05,925 - INFO - 找到正在运行的程序 hexin.exe，进程ID: 11576
2025-03-06 19:22:05,926 - INFO - 同花顺客户端已经在运行
2025-03-06 19:22:05,926 - INFO - 同花顺客户端已成功启动
2025-03-06 19:22:08,928 - INFO - 当前不是交易时间
2025-03-06 19:22:08,928 - INFO - 线程 JQ_Monitor 已启动
2025-03-06 19:22:08,931 - INFO - 线程 Signal_Processor 已启动
2025-03-06 19:22:08,932 - INFO - 所有功能模块已启动完成
2025-03-06 19:29:47,815 - INFO - 正在启动交易系统...
2025-03-06 19:29:47,815 - INFO - 同花顺交易客户端路径: D:\同花顺\hexin.exe
2025-03-06 19:29:47,827 - INFO - 找到正在运行的程序 hexin.exe，进程ID: 11576
2025-03-06 19:29:47,827 - INFO - 同花顺客户端已经在运行
2025-03-06 19:29:47,828 - INFO - 同花顺客户端已成功启动
2025-03-06 19:29:53,829 - INFO - 尝试使用F12快捷键打开交易界面
2025-03-06 19:29:58,934 - INFO - 交易界面已成功打开
2025-03-06 19:29:58,936 - INFO - 当前不是交易时间
2025-03-06 19:29:58,936 - INFO - 线程 JQ_Monitor 已启动
2025-03-06 19:29:58,939 - INFO - 线程 Signal_Processor 已启动
2025-03-06 19:29:58,940 - INFO - 所有功能模块已启动完成
2025-03-06 19:32:24,484 - INFO - 正在启动交易系统...
2025-03-06 19:32:24,484 - INFO - 同花顺交易客户端路径: D:\同花顺\hexin.exe
2025-03-06 19:32:24,495 - INFO - 找到正在运行的程序 hexin.exe，进程ID: 11576
2025-03-06 19:32:24,495 - INFO - 同花顺客户端已经在运行
2025-03-06 19:32:24,496 - INFO - 同花顺客户端已成功启动
2025-03-06 19:32:30,499 - INFO - 同花顺窗口处于最小化状态，正在恢复
2025-03-06 19:32:31,663 - INFO - 已激活同花顺主窗口: 同花顺(9.40.30) - 首页
2025-03-06 19:32:34,274 - INFO - 尝试使用F12快捷键打开交易界面
2025-03-06 19:32:39,380 - INFO - 交易界面已成功打开
2025-03-06 19:32:39,382 - INFO - 当前不是交易时间
2025-03-06 19:32:39,382 - INFO - 线程 JQ_Monitor 已启动
2025-03-06 19:32:39,385 - INFO - 线程 Signal_Processor 已启动
2025-03-06 19:32:39,386 - INFO - 所有功能模块已启动完成
2025-03-06 19:37:40,381 - INFO - 正在启动交易系统...
2025-03-06 19:37:40,382 - INFO - 同花顺交易客户端路径: D:\同花顺\hexin.exe
2025-03-06 19:37:40,392 - INFO - 找到正在运行的程序 hexin.exe，进程ID: 11576
2025-03-06 19:37:40,393 - INFO - 同花顺客户端已经在运行
2025-03-06 19:37:40,393 - INFO - 同花顺客户端已成功启动
2025-03-06 19:37:46,397 - INFO - 已激活同花顺主窗口: 同花顺(9.40.30) - 首页
2025-03-06 19:37:49,010 - INFO - 尝试使用F12快捷键打开交易界面
2025-03-06 19:37:54,114 - INFO - 交易界面已成功打开
2025-03-06 19:37:54,115 - INFO - 当前不是交易时间
2025-03-06 19:37:54,115 - INFO - 线程 JQ_Monitor 已启动
2025-03-06 19:37:54,117 - INFO - 线程 Signal_Processor 已启动
2025-03-06 19:37:54,118 - INFO - 所有功能模块已启动完成
2025-03-06 19:42:54,118 - INFO - 当前不是交易时间
2025-03-06 19:47:54,120 - INFO - 当前不是交易时间
2025-03-06 19:52:54,121 - INFO - 当前不是交易时间
2025-03-06 19:57:54,122 - INFO - 当前不是交易时间
2025-03-06 20:02:54,123 - INFO - 当前不是交易时间
