2025-03-04 02:44:55,141 - INFO - ͬ˳׿ͻ·: D:\ͬ˳\hexin.exe
2025-03-04 02:44:55,150 - INFO - ҵеĳ hexin.exeID: 11496
2025-03-04 02:44:55,150 - INFO - ͬ˳ͻѾ
2025-03-04 02:44:55,150 - INFO - ͬ˳ͻѳɹ
2025-03-04 02:44:58,152 - INFO - Ѽͬ˳: ͬ˳(9.40.30) - ҳ
2025-03-04 02:45:00,154 - INFO - ҵ״: ϹƱϵͳ5.0
2025-03-04 02:45:01,272 - INFO - ѽ״ 'ϹƱϵͳ5.0' ǰ
2025-03-04 04:10:15,845 - INFO - 同花顺交易客户端路径: D:\同花顺\hexin.exe
2025-03-04 04:10:15,854 - INFO - 找到正在运行的程序 hexin.exe，进程ID: 20996
2025-03-04 04:10:15,854 - INFO - 同花顺客户端已经在运行
2025-03-04 04:10:15,854 - INFO - 同花顺客户端已成功启动
2025-03-04 04:10:18,858 - INFO - 已激活同花顺主窗口: 同花顺(9.40.30) - 首页
2025-03-04 04:10:20,859 - INFO - 找到交易窗口: 网上股票交易系统5.0
2025-03-04 04:10:21,975 - INFO - 已将交易窗口 '网上股票交易系统5.0' 置于最前面
2025-03-04 04:12:47,987 - INFO - 同花顺交易客户端路径: D:\同花顺\hexin.exe
2025-03-04 04:12:47,997 - INFO - 找到正在运行的程序 hexin.exe，进程ID: 20996
2025-03-04 04:12:47,998 - INFO - 同花顺客户端已经在运行
2025-03-04 04:12:47,998 - INFO - 同花顺客户端已成功启动
2025-03-04 04:12:51,003 - INFO - 已激活同花顺主窗口: 同花顺(9.40.30) - 首页
2025-03-04 04:12:53,005 - INFO - 找到交易窗口: 网上股票交易系统5.0
2025-03-04 04:12:54,127 - INFO - 已将交易窗口 '网上股票交易系统5.0' 置于最前面
